<?xml version="1.0" encoding="UTF-8"?>
<!-- Generated by org.testng.reporters.JUnitXMLReporter -->
<testsuite ignored="0" hostname="LAPTOP-5GJO4B5V" failures="1" tests="7" name="Default test" time="102.469" errors="0" timestamp="2023-02-02T19:29:02 IST">
  <testcase classname="TestCases.WingifyFunctionlTestcases" name="ValidUseNameButInvalidPassword" time="6.939"/>
  <testcase classname="TestCases.WingifyFunctionlTestcases" name="ValidAndInvalidPassANdUserName" time="5.485"/>
  <testcase classname="TestCases.WingifyFunctionlTestcases" name="PositiveTestCase" time="7.715"/>
  <testcase classname="TestCases.WingifyFunctionlTestcases" name="AfterSuccessFulLoginCheckAmountHeaderAndAssertThemSortedOrNot" time="13.23">
    <failure type="java.lang.AssertionError" message="Lists differ at element [0]: [+ 1,250.00 USD, + 17.99 USD, + 340.00 USD, + 952.23 USD, - 244.00 USD, - 320.00 USD] != [- 320.00 USD, - 244.00 USD, + 17.99 USD, + 340.00 USD, + 952.23 USD, + 1,250.00 USD] expected [[+ 1,250.00 USD, + 17.99 USD, + 340.00 USD, + 952.23 USD, - 244.00 USD, - 320.00 USD]] but found [[- 320.00 USD, - 244.00 USD, + 17.99 USD, + 340.00 USD, + 952.23 USD, + 1,250.00 USD]]">
      <![CDATA[java.lang.AssertionError: Lists differ at element [0]: [+ 1,250.00 USD, + 17.99 USD, + 340.00 USD, + 952.23 USD, - 244.00 USD, - 320.00 USD] != [- 320.00 USD, - 244.00 USD, + 17.99 USD, + 340.00 USD, + 952.23 USD, + 1,250.00 USD] expected [[+ 1,250.00 USD, + 17.99 USD, + 340.00 USD, + 952.23 USD, - 244.00 USD, - 320.00 USD]] but found [[- 320.00 USD, - 244.00 USD, + 17.99 USD, + 340.00 USD, + 952.23 USD, + 1,250.00 USD]]
at org.testng.Assert.fail(Assert.java:110)
at org.testng.Assert.failNotEquals(Assert.java:1413)
at org.testng.Assert.assertEqualsImpl(Assert.java:149)
at org.testng.Assert.assertEquals(Assert.java:1479)
at org.testng.Assert.assertEquals(Assert.java:1441)
at TestCases.WingifyFunctionlTestcases.AfterSuccessFulLoginCheckAmountHeaderAndAssertThemSortedOrNot(WingifyFunctionlTestcases.java:140)
at java.base/jdk.internal.reflect.NativeMethodAccessorImpl.invoke0(Native Method)
at java.base/jdk.internal.reflect.NativeMethodAccessorImpl.invoke(NativeMethodAccessorImpl.java:77)
at java.base/jdk.internal.reflect.DelegatingMethodAccessorImpl.invoke(DelegatingMethodAccessorImpl.java:43)
at java.base/java.lang.reflect.Method.invoke(Method.java:568)
at org.testng.internal.invokers.MethodInvocationHelper.invokeMethod(MethodInvocationHelper.java:139)
at org.testng.internal.invokers.TestInvoker.invokeMethod(TestInvoker.java:677)
at org.testng.internal.invokers.TestInvoker.invokeTestMethod(TestInvoker.java:221)
at org.testng.internal.invokers.MethodRunner.runInSequence(MethodRunner.java:50)
at org.testng.internal.invokers.TestInvoker$MethodInvocationAgent.invoke(TestInvoker.java:962)
at org.testng.internal.invokers.TestInvoker.invokeTestMethods(TestInvoker.java:194)
at org.testng.internal.invokers.TestMethodWorker.invokeTestMethods(TestMethodWorker.java:148)
at org.testng.internal.invokers.TestMethodWorker.run(TestMethodWorker.java:128)
at java.base/java.util.ArrayList.forEach(ArrayList.java:1511)
at org.testng.TestRunner.privateRun(TestRunner.java:806)
at org.testng.TestRunner.run(TestRunner.java:601)
at org.testng.SuiteRunner.runTest(SuiteRunner.java:433)
at org.testng.SuiteRunner.runSequentially(SuiteRunner.java:427)
at org.testng.SuiteRunner.privateRun(SuiteRunner.java:387)
at org.testng.SuiteRunner.run(SuiteRunner.java:330)
at org.testng.SuiteRunnerWorker.runSuite(SuiteRunnerWorker.java:52)
at org.testng.SuiteRunnerWorker.run(SuiteRunnerWorker.java:95)
at org.testng.TestNG.runSuitesSequentially(TestNG.java:1256)
at org.testng.TestNG.runSuitesLocally(TestNG.java:1176)
at org.testng.TestNG.runSuites(TestNG.java:1099)
at org.testng.TestNG.run(TestNG.java:1067)
at org.testng.remote.AbstractRemoteTestNG.run(AbstractRemoteTestNG.java:115)
at org.testng.remote.RemoteTestNG.initAndRun(RemoteTestNG.java:251)
at org.testng.remote.RemoteTestNG.main(RemoteTestNG.java:77)
]]>
    </failure>
  </testcase> <!-- AfterSuccessFulLoginCheckAmountHeaderAndAssertThemSortedOrNot -->
  <testcase classname="TestCases.WingifyFunctionlTestcases" name="InValidUserNameValidPassword" time="3.468"/>
  <testcase classname="TestCases.WingifyFunctionlTestcases" name="UserNamePasswordMustBePresent" time="4.216"/>
  <testcase classname="TestCases.WingifyFunctionlTestcases" name="SameUserNameSamePassword" time="3.766"/>
</testsuite> <!-- Default test -->
