<?xml version="1.0" encoding="UTF-8"?>
<testng-results ignored="0" total="7" passed="6" failed="1" skipped="0">
  <reporter-output>
  </reporter-output>
  <suite started-at="2023-02-02T19:27:20 IST" name="Default suite" finished-at="2023-02-02T19:29:02 IST" duration-ms="102469">
    <groups>
    </groups>
    <test started-at="2023-02-02T19:27:20 IST" name="Default test" finished-at="2023-02-02T19:29:02 IST" duration-ms="102469">
      <class name="TestCases.WingifyFunctionlTestcases">
        <test-method is-config="true" signature="launchBrowser()[pri:0, instance:TestCases.WingifyFunctionlTestcases@60099951]" started-at="2023-02-02T19:27:20 IST" name="launchBrowser" finished-at="2023-02-02T19:27:30 IST" duration-ms="10202" status="PASS">
          <reporter-output>
          </reporter-output>
        </test-method> <!-- launchBrowser -->
        <test-method signature="ValidUseNameButInvalidPassword()[pri:-9, instance:TestCases.WingifyFunctionlTestcases@60099951]" started-at="2023-02-02T19:27:30 IST" name="ValidUseNameButInvalidPassword" finished-at="2023-02-02T19:27:37 IST" duration-ms="6939" status="PASS">
          <reporter-output>
          </reporter-output>
        </test-method> <!-- ValidUseNameButInvalidPassword -->
        <test-method is-config="true" signature="closeBrowser()[pri:0, instance:TestCases.WingifyFunctionlTestcases@60099951]" started-at="2023-02-02T19:27:37 IST" name="closeBrowser" finished-at="2023-02-02T19:27:37 IST" duration-ms="142" status="PASS">
          <reporter-output>
          </reporter-output>
        </test-method> <!-- closeBrowser -->
        <test-method is-config="true" signature="launchBrowser()[pri:0, instance:TestCases.WingifyFunctionlTestcases@60099951]" started-at="2023-02-02T19:27:37 IST" name="launchBrowser" finished-at="2023-02-02T19:27:45 IST" duration-ms="8422" status="PASS">
          <reporter-output>
          </reporter-output>
        </test-method> <!-- launchBrowser -->
        <test-method signature="ValidAndInvalidPassANdUserName()[pri:-8, instance:TestCases.WingifyFunctionlTestcases@60099951]" started-at="2023-02-02T19:27:45 IST" name="ValidAndInvalidPassANdUserName" finished-at="2023-02-02T19:27:51 IST" duration-ms="5485" status="PASS">
          <reporter-output>
          </reporter-output>
        </test-method> <!-- ValidAndInvalidPassANdUserName -->
        <test-method is-config="true" signature="closeBrowser()[pri:0, instance:TestCases.WingifyFunctionlTestcases@60099951]" started-at="2023-02-02T19:27:51 IST" name="closeBrowser" finished-at="2023-02-02T19:27:51 IST" duration-ms="111" status="PASS">
          <reporter-output>
          </reporter-output>
        </test-method> <!-- closeBrowser -->
        <test-method is-config="true" signature="launchBrowser()[pri:0, instance:TestCases.WingifyFunctionlTestcases@60099951]" started-at="2023-02-02T19:27:51 IST" name="launchBrowser" finished-at="2023-02-02T19:27:58 IST" duration-ms="7146" status="PASS">
          <reporter-output>
          </reporter-output>
        </test-method> <!-- launchBrowser -->
        <test-method signature="PositiveTestCase()[pri:-5, instance:TestCases.WingifyFunctionlTestcases@60099951]" started-at="2023-02-02T19:27:58 IST" name="PositiveTestCase" finished-at="2023-02-02T19:28:06 IST" duration-ms="7715" status="PASS">
          <reporter-output>
          </reporter-output>
        </test-method> <!-- PositiveTestCase -->
        <test-method is-config="true" signature="closeBrowser()[pri:0, instance:TestCases.WingifyFunctionlTestcases@60099951]" started-at="2023-02-02T19:28:06 IST" name="closeBrowser" finished-at="2023-02-02T19:28:06 IST" duration-ms="166" status="PASS">
          <reporter-output>
          </reporter-output>
        </test-method> <!-- closeBrowser -->
        <test-method is-config="true" signature="launchBrowser()[pri:0, instance:TestCases.WingifyFunctionlTestcases@60099951]" started-at="2023-02-02T19:28:06 IST" name="launchBrowser" finished-at="2023-02-02T19:28:14 IST" duration-ms="7827" status="PASS">
          <reporter-output>
          </reporter-output>
        </test-method> <!-- launchBrowser -->
        <test-method signature="AfterSuccessFulLoginCheckAmountHeaderAndAssertThemSortedOrNot()[pri:0, instance:TestCases.WingifyFunctionlTestcases@60099951]" started-at="2023-02-02T19:28:14 IST" name="AfterSuccessFulLoginCheckAmountHeaderAndAssertThemSortedOrNot" finished-at="2023-02-02T19:28:27 IST" duration-ms="13230" status="FAIL">
          <exception class="java.lang.AssertionError">
            <message>
              <![CDATA[Lists differ at element [0]: [+ 1,250.00 USD, + 17.99 USD, + 340.00 USD, + 952.23 USD, - 244.00 USD, - 320.00 USD] != [- 320.00 USD, - 244.00 USD, + 17.99 USD, + 340.00 USD, + 952.23 USD, + 1,250.00 USD] expected [[+ 1,250.00 USD, + 17.99 USD, + 340.00 USD, + 952.23 USD, - 244.00 USD, - 320.00 USD]] but found [[- 320.00 USD, - 244.00 USD, + 17.99 USD, + 340.00 USD, + 952.23 USD, + 1,250.00 USD]]]]>
            </message>
            <full-stacktrace>
              <![CDATA[java.lang.AssertionError: Lists differ at element [0]: [+ 1,250.00 USD, + 17.99 USD, + 340.00 USD, + 952.23 USD, - 244.00 USD, - 320.00 USD] != [- 320.00 USD, - 244.00 USD, + 17.99 USD, + 340.00 USD, + 952.23 USD, + 1,250.00 USD] expected [[+ 1,250.00 USD, + 17.99 USD, + 340.00 USD, + 952.23 USD, - 244.00 USD, - 320.00 USD]] but found [[- 320.00 USD, - 244.00 USD, + 17.99 USD, + 340.00 USD, + 952.23 USD, + 1,250.00 USD]]
at org.testng.Assert.fail(Assert.java:110)
at org.testng.Assert.failNotEquals(Assert.java:1413)
at org.testng.Assert.assertEqualsImpl(Assert.java:149)
at org.testng.Assert.assertEquals(Assert.java:1479)
at org.testng.Assert.assertEquals(Assert.java:1441)
at TestCases.WingifyFunctionlTestcases.AfterSuccessFulLoginCheckAmountHeaderAndAssertThemSortedOrNot(WingifyFunctionlTestcases.java:140)
at java.base/jdk.internal.reflect.NativeMethodAccessorImpl.invoke0(Native Method)
at java.base/jdk.internal.reflect.NativeMethodAccessorImpl.invoke(NativeMethodAccessorImpl.java:77)
at java.base/jdk.internal.reflect.DelegatingMethodAccessorImpl.invoke(DelegatingMethodAccessorImpl.java:43)
at java.base/java.lang.reflect.Method.invoke(Method.java:568)
at org.testng.internal.invokers.MethodInvocationHelper.invokeMethod(MethodInvocationHelper.java:139)
at org.testng.internal.invokers.TestInvoker.invokeMethod(TestInvoker.java:677)
at org.testng.internal.invokers.TestInvoker.invokeTestMethod(TestInvoker.java:221)
at org.testng.internal.invokers.MethodRunner.runInSequence(MethodRunner.java:50)
at org.testng.internal.invokers.TestInvoker$MethodInvocationAgent.invoke(TestInvoker.java:962)
at org.testng.internal.invokers.TestInvoker.invokeTestMethods(TestInvoker.java:194)
at org.testng.internal.invokers.TestMethodWorker.invokeTestMethods(TestMethodWorker.java:148)
at org.testng.internal.invokers.TestMethodWorker.run(TestMethodWorker.java:128)
at java.base/java.util.ArrayList.forEach(ArrayList.java:1511)
at org.testng.TestRunner.privateRun(TestRunner.java:806)
at org.testng.TestRunner.run(TestRunner.java:601)
at org.testng.SuiteRunner.runTest(SuiteRunner.java:433)
at org.testng.SuiteRunner.runSequentially(SuiteRunner.java:427)
at org.testng.SuiteRunner.privateRun(SuiteRunner.java:387)
at org.testng.SuiteRunner.run(SuiteRunner.java:330)
at org.testng.SuiteRunnerWorker.runSuite(SuiteRunnerWorker.java:52)
at org.testng.SuiteRunnerWorker.run(SuiteRunnerWorker.java:95)
at org.testng.TestNG.runSuitesSequentially(TestNG.java:1256)
at org.testng.TestNG.runSuitesLocally(TestNG.java:1176)
at org.testng.TestNG.runSuites(TestNG.java:1099)
at org.testng.TestNG.run(TestNG.java:1067)
at org.testng.remote.AbstractRemoteTestNG.run(AbstractRemoteTestNG.java:115)
at org.testng.remote.RemoteTestNG.initAndRun(RemoteTestNG.java:251)
at org.testng.remote.RemoteTestNG.main(RemoteTestNG.java:77)
]]>
            </full-stacktrace>
          </exception> <!-- java.lang.AssertionError -->
          <reporter-output>
          </reporter-output>
        </test-method> <!-- AfterSuccessFulLoginCheckAmountHeaderAndAssertThemSortedOrNot -->
        <test-method is-config="true" signature="closeBrowser()[pri:0, instance:TestCases.WingifyFunctionlTestcases@60099951]" started-at="2023-02-02T19:28:27 IST" name="closeBrowser" finished-at="2023-02-02T19:28:27 IST" duration-ms="117" status="PASS">
          <reporter-output>
          </reporter-output>
        </test-method> <!-- closeBrowser -->
        <test-method is-config="true" signature="launchBrowser()[pri:0, instance:TestCases.WingifyFunctionlTestcases@60099951]" started-at="2023-02-02T19:28:27 IST" name="launchBrowser" finished-at="2023-02-02T19:28:35 IST" duration-ms="7387" status="PASS">
          <reporter-output>
          </reporter-output>
        </test-method> <!-- launchBrowser -->
        <test-method signature="InValidUserNameValidPassword()[pri:0, instance:TestCases.WingifyFunctionlTestcases@60099951]" started-at="2023-02-02T19:28:35 IST" name="InValidUserNameValidPassword" finished-at="2023-02-02T19:28:38 IST" duration-ms="3468" status="PASS">
          <reporter-output>
          </reporter-output>
        </test-method> <!-- InValidUserNameValidPassword -->
        <test-method is-config="true" signature="closeBrowser()[pri:0, instance:TestCases.WingifyFunctionlTestcases@60099951]" started-at="2023-02-02T19:28:38 IST" name="closeBrowser" finished-at="2023-02-02T19:28:38 IST" duration-ms="103" status="PASS">
          <reporter-output>
          </reporter-output>
        </test-method> <!-- closeBrowser -->
        <test-method is-config="true" signature="launchBrowser()[pri:0, instance:TestCases.WingifyFunctionlTestcases@60099951]" started-at="2023-02-02T19:28:38 IST" name="launchBrowser" finished-at="2023-02-02T19:28:46 IST" duration-ms="8210" status="PASS">
          <reporter-output>
          </reporter-output>
        </test-method> <!-- launchBrowser -->
        <test-method signature="UserNamePasswordMustBePresent()[pri:11, instance:TestCases.WingifyFunctionlTestcases@60099951]" started-at="2023-02-02T19:28:46 IST" name="UserNamePasswordMustBePresent" finished-at="2023-02-02T19:28:51 IST" duration-ms="4216" status="PASS">
          <reporter-output>
          </reporter-output>
        </test-method> <!-- UserNamePasswordMustBePresent -->
        <test-method is-config="true" signature="closeBrowser()[pri:0, instance:TestCases.WingifyFunctionlTestcases@60099951]" started-at="2023-02-02T19:28:51 IST" name="closeBrowser" finished-at="2023-02-02T19:28:51 IST" duration-ms="90" status="PASS">
          <reporter-output>
          </reporter-output>
        </test-method> <!-- closeBrowser -->
        <test-method is-config="true" signature="launchBrowser()[pri:0, instance:TestCases.WingifyFunctionlTestcases@60099951]" started-at="2023-02-02T19:28:51 IST" name="launchBrowser" finished-at="2023-02-02T19:28:58 IST" duration-ms="7550" status="PASS">
          <reporter-output>
          </reporter-output>
        </test-method> <!-- launchBrowser -->
        <test-method signature="SameUserNameSamePassword()[pri:12, instance:TestCases.WingifyFunctionlTestcases@60099951]" started-at="2023-02-02T19:28:58 IST" name="SameUserNameSamePassword" finished-at="2023-02-02T19:29:02 IST" duration-ms="3766" status="PASS">
          <reporter-output>
          </reporter-output>
        </test-method> <!-- SameUserNameSamePassword -->
        <test-method is-config="true" signature="closeBrowser()[pri:0, instance:TestCases.WingifyFunctionlTestcases@60099951]" started-at="2023-02-02T19:29:02 IST" name="closeBrowser" finished-at="2023-02-02T19:29:02 IST" duration-ms="80" status="PASS">
          <reporter-output>
          </reporter-output>
        </test-method> <!-- closeBrowser -->
      </class> <!-- TestCases.WingifyFunctionlTestcases -->
    </test> <!-- Default test -->
  </suite> <!-- Default suite -->
</testng-results>
